<?xml version="1.0" encoding="UTF-8"?>
<testng-results ignored="0" total="1" passed="1" failed="0" skipped="0">
  <reporter-output>
  </reporter-output>
  <suite started-at="2022-01-24T01:20:01 IST" name="learnjenkins.JenkinsTest" finished-at="2022-01-24T01:20:07 IST" duration-ms="5504">
    <groups>
    </groups>
    <test started-at="2022-01-24T01:20:01 IST" name="Command line test" finished-at="2022-01-24T01:20:07 IST" duration-ms="5504">
      <class name="learnjenkins.JenkinsTest">
        <test-method signature="test()[pri:0, instance:learnjenkins.JenkinsTest@df27fae]" started-at="2022-01-24T01:20:01 IST" name="test" finished-at="2022-01-24T01:20:07 IST" duration-ms="5452" status="PASS">
          <reporter-output>
          </reporter-output>
        </test-method> <!-- test -->
      </class> <!-- learnjenkins.JenkinsTest -->
    </test> <!-- Command line test -->
  </suite> <!-- learnjenkins.JenkinsTest -->
</testng-results>
